<?xml version="1.0" encoding="UTF-8"?>
<!-- Generated by org.testng.reporters.JUnitReportReporter -->
<testsuite hostname="Tom" failures="0" tests="1" name="CucumberOptions.TestNGRunner" time="43.430" errors="0" timestamp="2024-05-17T16:46:15 IST" skipped="0">
  <testcase classname="CucumberOptions.TestNGRunner" name="runScenario" time="43.430"/>
</testsuite> <!-- CucumberOptions.TestNGRunner -->
